This file contains any messages produced by compilers while
running configure, to aid debugging if configure makes a mistake.

It was created by ReionFast configure 1.0, which was
generated by GNU Autoconf 2.69.  Invocation command line was

  $ ./configure --prefix=/global/homes/m/malvarez CXX=CC CXXFLAGS= -I/global/u2/m/malvarez/fftw-2.1.5//include -I/global/u2/m/malvarez/fftw-3.3.3//include -I/global/common/sw/cray/sles12/x86_64/gsl/2.3/intel/17.0.2/klzza7k/include -I/global/u2/m/malvarez/cfitsio//include -DENABLE_FITSIO  LDFLAGS=-L/global/u2/m/malvarez/fftw-2.1.5//lib -L/global/u2/m/malvarez/fftw-3.3.3//lib -L/global/common/sw/cray/sles12/x86_64/gsl/2.3/intel/17.0.2/klzza7k/lib -L/global/u2/m/malvarez/cfitsio//lib LIBS=-lfftw3f_mpi -lfftw3f -lgsl -lgslcblas -lm -lsrfftw_mpi -lsfftw_mpi -lsrfftw -lsfftw -lcfitsio CC=cc CFLAGS= -I/global/u2/m/malvarez/fftw-2.1.5//include -I/global/u2/m/malvarez/fftw-3.3.3//include -I/global/common/sw/cray/sles12/x86_64/gsl/2.3/intel/17.0.2/klzza7k/include -I/global/u2/m/malvarez/cfitsio//include -DENABLE_FITSIO  --no-create --no-recursion

## --------- ##
## Platform. ##
## --------- ##

hostname = edison12
uname -m = x86_64
uname -r = 4.4.103-92.56-default
uname -s = Linux
uname -v = #1 SMP Wed Dec 27 16:24:31 UTC 2017 (2fd2155)

/usr/bin/uname -p = x86_64
/bin/uname -X     = unknown

/bin/arch              = x86_64
/usr/bin/arch -k       = unknown
/usr/convex/getsysinfo = unknown
/usr/bin/hostinfo      = unknown
/bin/machine           = unknown
/usr/bin/oslevel       = unknown
/bin/universe          = unknown

PATH: /usr/common/software/darshan/3.1.4/bin
PATH: /usr/common/software/altd/2.0/bin
PATH: /usr/common/software/bin
PATH: /usr/common/mss/bin
PATH: /usr/common/nsg/bin
PATH: /global/common/edison/software/python/3.6-anaconda-4.4/lib/python3.6/site-packages/mpi4py/bin
PATH: /global/common/edison/software/python/3.6-anaconda-4.4/bin
PATH: /opt/cray/pe/mpt/7.6.2/gni/bin
PATH: /opt/cray/rca/2.2.15-6.0.4.1_13.1__g46acb0f.ari/bin
PATH: /opt/cray/alps/6.4.1-6.0.4.0_7.2__g86d0f3d.ari/sbin
PATH: /opt/cray/job/2.2.2-6.0.4.0_8.2__g3c644b5.ari/bin
PATH: /opt/cray/pe/craype/2.5.12/bin
PATH: /opt/intel/compilers_and_libraries_2018.1.163/linux/bin/intel64
PATH: /usr/syscom/nsg/sbin
PATH: /usr/syscom/nsg/bin
PATH: /opt/cray/pe/modules/3.2.10.6/bin
PATH: /global/homes/m/malvarez/bin
PATH: /usr/local/bin
PATH: /usr/bin
PATH: /bin
PATH: /usr/bin/X11
PATH: /usr/games
PATH: /usr/lib/mit/bin
PATH: /usr/lib/mit/sbin
PATH: /opt/cray/pe/bin


## ----------- ##
## Core tests. ##
## ----------- ##

configure:2281: checking for a BSD-compatible install
configure:2349: result: /usr/bin/install -c
configure:2360: checking whether build environment is sane
configure:2410: result: yes
configure:2551: checking for a thread-safe mkdir -p
configure:2590: result: /usr/bin/mkdir -p
configure:2603: checking for gawk
configure:2619: found /usr/bin/gawk
configure:2630: result: gawk
configure:2641: checking whether make sets $(MAKE)
configure:2663: result: yes
configure:2752: checking for gawk
configure:2779: result: gawk
configure:2902: checking for C++ compiler version
configure:2911: CC --version >&5
icpc (ICC) 18.0.1 20171018
Copyright (C) 1985-2017 Intel Corporation.  All rights reserved.

configure:2922: $? = 0
configure:2911: CC -v >&5
icpc: warning #10315: specifying -lm before files may supersede the Intel(R) math library and affect performance
icpc: warning #10315: specifying -lm before files may supersede the Intel(R) math library and affect performance
icpc: warning #10315: specifying -lm before files may supersede the Intel(R) math library and affect performance
icpc: warning #10315: specifying -lm before files may supersede the Intel(R) math library and affect performance
icpc version 18.0.1 (gcc version 4.8.0 compatibility)
/usr/lib64/gcc/x86_64-suse-linux/4.8/../../../../x86_64-suse-linux/bin/ld    /usr/lib64/gcc/x86_64-suse-linux/4.8/../../../../lib64/crt1.o /usr/lib64/gcc/x86_64-suse-linux/4.8/../../../../lib64/crti.o /usr/lib64/gcc/x86_64-suse-linux/4.8/crtbeginT.o --build-id -static -m elf_x86_64 -L/opt/cray/pe/libsci/17.09.1/INTEL/16.0/x86_64/lib -L/opt/cray/dmapp/default/lib64 -L/opt/cray/pe/mpt/7.6.2/gni/mpich-intel/16.0/lib -L/opt/cray/dmapp/default/lib64 -L/opt/cray/pe/mpt/7.6.2/gni/mpich-intel/16.0/lib -L/usr/common/software/darshan/3.1.4/lib -L/opt/cray/rca/2.2.15-6.0.4.1_13.1__g46acb0f.ari/lib64 -L/opt/cray/alps/6.4.1-6.0.4.0_7.2__g86d0f3d.ari/lib64 -L/opt/cray/xpmem/2.2.2-6.0.4.1_18.2__g43b0535.ari/lib64 -L/opt/cray/pe/pmi/5.0.12/lib64 -L/opt/cray/ugni/6.0.14-6.0.4.0_14.1__ge7db4a2.ari/lib64 -L/opt/cray/udreg/2.3.2-6.0.4.0_12.2__g2f9c3ee.ari/lib64 -L/opt/cray/pe/atp/2.1.1/libApp -L/lib64 -L/opt/cray/wlm_detect/1.2.1-6.0.4.0_22.1__gd26a3dc.ari/lib64 -o a.out -L/opt/intel/compilers_and_libraries_2018.1.163/linux/compiler/lib/intel64 -L/opt/intel/compilers_and_libraries_2018.1.163/linux/mkl/lib/intel64 -L/opt/intel/compilers_and_libraries_2018.1.163/linux/compiler/lib/intel64_lin -L/usr/lib64/gcc/x86_64-suse-linux/4.8/ -L/usr/lib64/gcc/x86_64-suse-linux/4.8/../../../../lib64 -L/usr/lib64/gcc/x86_64-suse-linux/4.8/../../../../lib64/ -L/lib/../lib64 -L/lib/../lib64/ -L/usr/lib/../lib64 -L/usr/lib/../lib64/ -L/opt/intel/compilers_and_libraries_2018.1.163/linux/compiler/lib/intel64/ -L/opt/intel/compilers_and_libraries_2018.1.163/linux/mkl/lib/intel64/ -L/usr/lib64/gcc/x86_64-suse-linux/4.8/../../../../x86_64-suse-linux/lib/ -L/usr/lib64/gcc/x86_64-suse-linux/4.8/../../../ -L/lib64 -L/lib/ -L/usr/lib64 -L/usr/lib @/usr/common/software/darshan/3.1.4/share/ld-opts/darshan-base-ld-opts -lfmpich -lmpichcxx --start-group -ldarshan -ldarshan-stubs --end-group -lz --no-as-needed -lAtpSigHandler -lAtpSigHCommData --undefined=_ATP_Data_Globals --undefined=__atpHandlerInstall -lpthread -lmpichcxx_intel -lrt -lugni -lpthread -lpmi -L/opt/intel/compilers_and_libraries_2018.1.163/linux/compiler/lib/intel64_lin -limf -lm -ldl -lsci_intel_mpi -lsci_intel -L/opt/intel/compilers_and_libraries_2018.1.163/linux/compiler/lib/intel64_lin -limf -lm -ldl -lmpich_intel -lrt -lugni -lpthread -lpmi -L/opt/intel/compilers_and_libraries_2018.1.163/linux/compiler/lib/intel64_lin -limf -lm -ldl -lpmi -lpthread -lalpslli -lpthread -lwlm_detect -lalpsutil -lpthread -lrca -lxpmem -lugni -lpthread -ludreg -lsci_intel -L/opt/intel/compilers_and_libraries_2018.1.163/linux/compiler/lib/intel64_lin -limf -lm -lpthread -ldl -lhugetlbfs --as-needed -lstdc++ --no-as-needed --as-needed -limf --no-as-needed --as-needed -lm --no-as-needed --as-needed -lifcore --no-as-needed --as-needed -lifport --no-as-needed --as-needed -lpthread --no-as-needed -limf -lsvml -lirng -lstdc++ -lm -lipgo -ldecimal -lstdc++ -lgcc -lgcc_eh -lirc -lsvml -lc -lgcc -lgcc_eh -lirc_s -ldl -lc /usr/lib64/gcc/x86_64-suse-linux/4.8/crtend.o /usr/lib64/gcc/x86_64-suse-linux/4.8/../../../../lib64/crtn.o
/opt/intel/compilers_and_libraries_2018.1.163/linux/compiler/lib/intel64/libifcore.a(for_main.o): In function `main':
for_main.c:(.text+0x3e): undefined reference to `MAIN__'
configure:2922: $? = 1
configure:2911: CC -V >&5
Intel(R) C++ Intel(R) 64 Compiler for applications running on Intel(R) 64, Version 18.0.1.163 Build 20171018
Copyright (C) 1985-2017 Intel Corporation.  All rights reserved.

configure:2922: $? = 0
configure:2911: CC -qversion >&5
icpc: command line warning #10006: ignoring unknown option '-qversion'
icpc: warning #10315: specifying -lm before files may supersede the Intel(R) math library and affect performance
icpc: warning #10315: specifying -lm before files may supersede the Intel(R) math library and affect performance
icpc: warning #10315: specifying -lm before files may supersede the Intel(R) math library and affect performance
icpc: warning #10315: specifying -lm before files may supersede the Intel(R) math library and affect performance
/opt/intel/compilers_and_libraries_2018.1.163/linux/compiler/lib/intel64/libifcore.a(for_main.o): In function `main':
for_main.c:(.text+0x3e): undefined reference to `MAIN__'
configure:2922: $? = 1
configure:2942: checking whether the C++ compiler works
configure:2964: CC  -I/global/u2/m/malvarez/fftw-2.1.5//include -I/global/u2/m/malvarez/fftw-3.3.3//include -I/global/common/sw/cray/sles12/x86_64/gsl/2.3/intel/17.0.2/klzza7k/include -I/global/u2/m/malvarez/cfitsio//include -DENABLE_FITSIO   -L/global/u2/m/malvarez/fftw-2.1.5//lib -L/global/u2/m/malvarez/fftw-3.3.3//lib -L/global/common/sw/cray/sles12/x86_64/gsl/2.3/intel/17.0.2/klzza7k/lib -L/global/u2/m/malvarez/cfitsio//lib conftest.cpp -lfftw3f_mpi -lfftw3f -lgsl -lgslcblas -lm -lsrfftw_mpi -lsfftw_mpi -lsrfftw -lsfftw -lcfitsio >&5
configure:2968: $? = 0
configure:3016: result: yes
configure:3019: checking for C++ compiler default output file name
configure:3021: result: a.out
configure:3027: checking for suffix of executables
configure:3034: CC -o conftest  -I/global/u2/m/malvarez/fftw-2.1.5//include -I/global/u2/m/malvarez/fftw-3.3.3//include -I/global/common/sw/cray/sles12/x86_64/gsl/2.3/intel/17.0.2/klzza7k/include -I/global/u2/m/malvarez/cfitsio//include -DENABLE_FITSIO   -L/global/u2/m/malvarez/fftw-2.1.5//lib -L/global/u2/m/malvarez/fftw-3.3.3//lib -L/global/common/sw/cray/sles12/x86_64/gsl/2.3/intel/17.0.2/klzza7k/lib -L/global/u2/m/malvarez/cfitsio//lib conftest.cpp -lfftw3f_mpi -lfftw3f -lgsl -lgslcblas -lm -lsrfftw_mpi -lsfftw_mpi -lsrfftw -lsfftw -lcfitsio >&5
configure:3038: $? = 0
configure:3060: result: 
configure:3082: checking whether we are cross compiling
configure:3090: CC -o conftest  -I/global/u2/m/malvarez/fftw-2.1.5//include -I/global/u2/m/malvarez/fftw-3.3.3//include -I/global/common/sw/cray/sles12/x86_64/gsl/2.3/intel/17.0.2/klzza7k/include -I/global/u2/m/malvarez/cfitsio//include -DENABLE_FITSIO   -L/global/u2/m/malvarez/fftw-2.1.5//lib -L/global/u2/m/malvarez/fftw-3.3.3//lib -L/global/common/sw/cray/sles12/x86_64/gsl/2.3/intel/17.0.2/klzza7k/lib -L/global/u2/m/malvarez/cfitsio//lib conftest.cpp -lfftw3f_mpi -lfftw3f -lgsl -lgslcblas -lm -lsrfftw_mpi -lsfftw_mpi -lsrfftw -lsfftw -lcfitsio >&5
configure:3094: $? = 0
configure:3101: ./conftest
configure:3105: $? = 0
configure:3120: result: no
configure:3125: checking for suffix of object files
configure:3147: CC -c  -I/global/u2/m/malvarez/fftw-2.1.5//include -I/global/u2/m/malvarez/fftw-3.3.3//include -I/global/common/sw/cray/sles12/x86_64/gsl/2.3/intel/17.0.2/klzza7k/include -I/global/u2/m/malvarez/cfitsio//include -DENABLE_FITSIO   conftest.cpp >&5
configure:3151: $? = 0
configure:3172: result: o
configure:3176: checking whether we are using the GNU C++ compiler
configure:3195: CC -c  -I/global/u2/m/malvarez/fftw-2.1.5//include -I/global/u2/m/malvarez/fftw-3.3.3//include -I/global/common/sw/cray/sles12/x86_64/gsl/2.3/intel/17.0.2/klzza7k/include -I/global/u2/m/malvarez/cfitsio//include -DENABLE_FITSIO   conftest.cpp >&5
configure:3195: $? = 0
configure:3204: result: yes
configure:3213: checking whether CC accepts -g
configure:3233: CC -c -g  conftest.cpp >&5
configure:3233: $? = 0
configure:3274: result: yes
configure:3308: checking for style of include used by make
configure:3336: result: GNU
configure:3361: checking dependency style of CC
configure:3471: result: gcc3
configure:3534: checking for gcc
configure:3561: result: cc
configure:3790: checking for C compiler version
configure:3799: cc --version >&5
icc (ICC) 18.0.1 20171018
Copyright (C) 1985-2017 Intel Corporation.  All rights reserved.

configure:3810: $? = 0
configure:3799: cc -v >&5
icc: warning #10315: specifying -lm before files may supersede the Intel(R) math library and affect performance
icc: warning #10315: specifying -lm before files may supersede the Intel(R) math library and affect performance
icc: warning #10315: specifying -lm before files may supersede the Intel(R) math library and affect performance
icc version 18.0.1 (gcc version 4.8.0 compatibility)
/usr/lib64/gcc/x86_64-suse-linux/4.8/../../../../x86_64-suse-linux/bin/ld    /usr/lib64/gcc/x86_64-suse-linux/4.8/../../../../lib64/crt1.o /usr/lib64/gcc/x86_64-suse-linux/4.8/../../../../lib64/crti.o /usr/lib64/gcc/x86_64-suse-linux/4.8/crtbeginT.o --build-id -static -m elf_x86_64 -L/opt/cray/pe/libsci/17.09.1/INTEL/16.0/x86_64/lib -L/opt/cray/dmapp/default/lib64 -L/opt/cray/pe/mpt/7.6.2/gni/mpich-intel/16.0/lib -L/usr/common/software/darshan/3.1.4/lib -L/opt/cray/rca/2.2.15-6.0.4.1_13.1__g46acb0f.ari/lib64 -L/opt/cray/alps/6.4.1-6.0.4.0_7.2__g86d0f3d.ari/lib64 -L/opt/cray/xpmem/2.2.2-6.0.4.1_18.2__g43b0535.ari/lib64 -L/opt/cray/pe/pmi/5.0.12/lib64 -L/opt/cray/ugni/6.0.14-6.0.4.0_14.1__ge7db4a2.ari/lib64 -L/opt/cray/udreg/2.3.2-6.0.4.0_12.2__g2f9c3ee.ari/lib64 -L/opt/cray/pe/atp/2.1.1/libApp -L/lib64 -L/opt/cray/wlm_detect/1.2.1-6.0.4.0_22.1__gd26a3dc.ari/lib64 -o a.out -L/opt/intel/compilers_and_libraries_2018.1.163/linux/compiler/lib/intel64 -L/opt/intel/compilers_and_libraries_2018.1.163/linux/mkl/lib/intel64 -L/opt/intel/compilers_and_libraries_2018.1.163/linux/compiler/lib/intel64_lin -L/usr/lib64/gcc/x86_64-suse-linux/4.8/ -L/usr/lib64/gcc/x86_64-suse-linux/4.8/../../../../lib64 -L/usr/lib64/gcc/x86_64-suse-linux/4.8/../../../../lib64/ -L/lib/../lib64 -L/lib/../lib64/ -L/usr/lib/../lib64 -L/usr/lib/../lib64/ -L/opt/intel/compilers_and_libraries_2018.1.163/linux/compiler/lib/intel64/ -L/opt/intel/compilers_and_libraries_2018.1.163/linux/mkl/lib/intel64/ -L/usr/lib64/gcc/x86_64-suse-linux/4.8/../../../../x86_64-suse-linux/lib/ -L/usr/lib64/gcc/x86_64-suse-linux/4.8/../../../ -L/lib64 -L/lib/ -L/usr/lib64 -L/usr/lib @/usr/common/software/darshan/3.1.4/share/ld-opts/darshan-base-ld-opts -lfmpich -lmpichcxx --start-group -ldarshan -ldarshan-stubs --end-group -lz --no-as-needed -lAtpSigHandler -lAtpSigHCommData --undefined=_ATP_Data_Globals --undefined=__atpHandlerInstall -lpthread -lsci_intel_mpi -lsci_intel -L/opt/intel/compilers_and_libraries_2018.1.163/linux/compiler/lib/intel64_lin -limf -lm -ldl -lmpich_intel -lrt -lugni -lpthread -lpmi -L/opt/intel/compilers_and_libraries_2018.1.163/linux/compiler/lib/intel64_lin -limf -lm -ldl -lpmi -lpthread -lalpslli -lpthread -lwlm_detect -lalpsutil -lpthread -lrca -lxpmem -lugni -lpthread -ludreg -lsci_intel -L/opt/intel/compilers_and_libraries_2018.1.163/linux/compiler/lib/intel64_lin -limf -lm -lpthread -ldl -lhugetlbfs --as-needed -limf --no-as-needed --as-needed -lm --no-as-needed --as-needed -lifcore --no-as-needed --as-needed -lifport --no-as-needed --as-needed -lpthread --no-as-needed -limf -lsvml -lirng -lm -lipgo -ldecimal -lgcc -lgcc_eh -lirc -lsvml -lc -lgcc -lgcc_eh -lirc_s -ldl -lc /usr/lib64/gcc/x86_64-suse-linux/4.8/crtend.o /usr/lib64/gcc/x86_64-suse-linux/4.8/../../../../lib64/crtn.o
/opt/intel/compilers_and_libraries_2018.1.163/linux/compiler/lib/intel64/libifcore.a(for_main.o): In function `main':
for_main.c:(.text+0x3e): undefined reference to `MAIN__'
configure:3810: $? = 1
configure:3799: cc -V >&5
Intel(R) C Intel(R) 64 Compiler for applications running on Intel(R) 64, Version 18.0.1.163 Build 20171018
Copyright (C) 1985-2017 Intel Corporation.  All rights reserved.

configure:3810: $? = 0
configure:3799: cc -qversion >&5
icc: command line warning #10006: ignoring unknown option '-qversion'
icc: warning #10315: specifying -lm before files may supersede the Intel(R) math library and affect performance
icc: warning #10315: specifying -lm before files may supersede the Intel(R) math library and affect performance
icc: warning #10315: specifying -lm before files may supersede the Intel(R) math library and affect performance
/opt/intel/compilers_and_libraries_2018.1.163/linux/compiler/lib/intel64/libifcore.a(for_main.o): In function `main':
for_main.c:(.text+0x3e): undefined reference to `MAIN__'
configure:3810: $? = 1
configure:3814: checking whether we are using the GNU C compiler
configure:3833: cc -c  -I/global/u2/m/malvarez/fftw-2.1.5//include -I/global/u2/m/malvarez/fftw-3.3.3//include -I/global/common/sw/cray/sles12/x86_64/gsl/2.3/intel/17.0.2/klzza7k/include -I/global/u2/m/malvarez/cfitsio//include -DENABLE_FITSIO   conftest.c >&5
configure:3833: $? = 0
configure:3842: result: yes
configure:3851: checking whether cc accepts -g
configure:3871: cc -c -g  conftest.c >&5
configure:3871: $? = 0
configure:3912: result: yes
configure:3929: checking for cc option to accept ISO C89
configure:3992: cc  -c  -I/global/u2/m/malvarez/fftw-2.1.5//include -I/global/u2/m/malvarez/fftw-3.3.3//include -I/global/common/sw/cray/sles12/x86_64/gsl/2.3/intel/17.0.2/klzza7k/include -I/global/u2/m/malvarez/cfitsio//include -DENABLE_FITSIO   conftest.c >&5
configure:3992: $? = 0
configure:4005: result: none needed
configure:4027: checking dependency style of cc
configure:4137: result: gcc3
configure:4162: checking how to run the C preprocessor
configure:4193: cc -E  conftest.c
configure:4193: $? = 0
configure:4207: cc -E  conftest.c
conftest.c(11): error #2379: cannot open source file "ac_nonexistent.h"
  #include <ac_nonexistent.h>
                             ^

configure:4207: $? = 2
configure: failed program was:
| /* confdefs.h */
| #define PACKAGE_NAME "ReionFast"
| #define PACKAGE_TARNAME "reionfast"
| #define PACKAGE_VERSION "1.0"
| #define PACKAGE_STRING "ReionFast 1.0"
| #define PACKAGE_BUGREPORT "malvarez@cita.utoronto.ca"
| #define PACKAGE_URL ""
| #define PACKAGE "Reionfast"
| #define VERSION "1.0"
| /* end confdefs.h.  */
| #include <ac_nonexistent.h>
configure:4232: result: cc -E
configure:4252: cc -E  conftest.c
configure:4252: $? = 0
configure:4266: cc -E  conftest.c
conftest.c(11): error #2379: cannot open source file "ac_nonexistent.h"
  #include <ac_nonexistent.h>
                             ^

configure:4266: $? = 2
configure: failed program was:
| /* confdefs.h */
| #define PACKAGE_NAME "ReionFast"
| #define PACKAGE_TARNAME "reionfast"
| #define PACKAGE_VERSION "1.0"
| #define PACKAGE_STRING "ReionFast 1.0"
| #define PACKAGE_BUGREPORT "malvarez@cita.utoronto.ca"
| #define PACKAGE_URL ""
| #define PACKAGE "Reionfast"
| #define VERSION "1.0"
| /* end confdefs.h.  */
| #include <ac_nonexistent.h>
configure:4295: checking for grep that handles long lines and -e
configure:4353: result: /usr/bin/grep
configure:4358: checking for egrep
configure:4420: result: /usr/bin/grep -E
configure:4425: checking for ANSI C header files
configure:4445: cc -c  -I/global/u2/m/malvarez/fftw-2.1.5//include -I/global/u2/m/malvarez/fftw-3.3.3//include -I/global/common/sw/cray/sles12/x86_64/gsl/2.3/intel/17.0.2/klzza7k/include -I/global/u2/m/malvarez/cfitsio//include -DENABLE_FITSIO   conftest.c >&5
configure:4445: $? = 0
configure:4518: cc -o conftest  -I/global/u2/m/malvarez/fftw-2.1.5//include -I/global/u2/m/malvarez/fftw-3.3.3//include -I/global/common/sw/cray/sles12/x86_64/gsl/2.3/intel/17.0.2/klzza7k/include -I/global/u2/m/malvarez/cfitsio//include -DENABLE_FITSIO   -L/global/u2/m/malvarez/fftw-2.1.5//lib -L/global/u2/m/malvarez/fftw-3.3.3//lib -L/global/common/sw/cray/sles12/x86_64/gsl/2.3/intel/17.0.2/klzza7k/lib -L/global/u2/m/malvarez/cfitsio//lib conftest.c -lfftw3f_mpi -lfftw3f -lgsl -lgslcblas -lm -lsrfftw_mpi -lsfftw_mpi -lsrfftw -lsfftw -lcfitsio >&5
configure:4518: $? = 0
configure:4518: ./conftest
configure:4518: $? = 0
configure:4529: result: yes
configure:4542: checking for sys/types.h
configure:4542: cc -c  -I/global/u2/m/malvarez/fftw-2.1.5//include -I/global/u2/m/malvarez/fftw-3.3.3//include -I/global/common/sw/cray/sles12/x86_64/gsl/2.3/intel/17.0.2/klzza7k/include -I/global/u2/m/malvarez/cfitsio//include -DENABLE_FITSIO   conftest.c >&5
configure:4542: $? = 0
configure:4542: result: yes
configure:4542: checking for sys/stat.h
configure:4542: cc -c  -I/global/u2/m/malvarez/fftw-2.1.5//include -I/global/u2/m/malvarez/fftw-3.3.3//include -I/global/common/sw/cray/sles12/x86_64/gsl/2.3/intel/17.0.2/klzza7k/include -I/global/u2/m/malvarez/cfitsio//include -DENABLE_FITSIO   conftest.c >&5
configure:4542: $? = 0
configure:4542: result: yes
configure:4542: checking for stdlib.h
configure:4542: cc -c  -I/global/u2/m/malvarez/fftw-2.1.5//include -I/global/u2/m/malvarez/fftw-3.3.3//include -I/global/common/sw/cray/sles12/x86_64/gsl/2.3/intel/17.0.2/klzza7k/include -I/global/u2/m/malvarez/cfitsio//include -DENABLE_FITSIO   conftest.c >&5
configure:4542: $? = 0
configure:4542: result: yes
configure:4542: checking for string.h
configure:4542: cc -c  -I/global/u2/m/malvarez/fftw-2.1.5//include -I/global/u2/m/malvarez/fftw-3.3.3//include -I/global/common/sw/cray/sles12/x86_64/gsl/2.3/intel/17.0.2/klzza7k/include -I/global/u2/m/malvarez/cfitsio//include -DENABLE_FITSIO   conftest.c >&5
configure:4542: $? = 0
configure:4542: result: yes
configure:4542: checking for memory.h
configure:4542: cc -c  -I/global/u2/m/malvarez/fftw-2.1.5//include -I/global/u2/m/malvarez/fftw-3.3.3//include -I/global/common/sw/cray/sles12/x86_64/gsl/2.3/intel/17.0.2/klzza7k/include -I/global/u2/m/malvarez/cfitsio//include -DENABLE_FITSIO   conftest.c >&5
configure:4542: $? = 0
configure:4542: result: yes
configure:4542: checking for strings.h
configure:4542: cc -c  -I/global/u2/m/malvarez/fftw-2.1.5//include -I/global/u2/m/malvarez/fftw-3.3.3//include -I/global/common/sw/cray/sles12/x86_64/gsl/2.3/intel/17.0.2/klzza7k/include -I/global/u2/m/malvarez/cfitsio//include -DENABLE_FITSIO   conftest.c >&5
configure:4542: $? = 0
configure:4542: result: yes
configure:4542: checking for inttypes.h
configure:4542: cc -c  -I/global/u2/m/malvarez/fftw-2.1.5//include -I/global/u2/m/malvarez/fftw-3.3.3//include -I/global/common/sw/cray/sles12/x86_64/gsl/2.3/intel/17.0.2/klzza7k/include -I/global/u2/m/malvarez/cfitsio//include -DENABLE_FITSIO   conftest.c >&5
configure:4542: $? = 0
configure:4542: result: yes
configure:4542: checking for stdint.h
configure:4542: cc -c  -I/global/u2/m/malvarez/fftw-2.1.5//include -I/global/u2/m/malvarez/fftw-3.3.3//include -I/global/common/sw/cray/sles12/x86_64/gsl/2.3/intel/17.0.2/klzza7k/include -I/global/u2/m/malvarez/cfitsio//include -DENABLE_FITSIO   conftest.c >&5
configure:4542: $? = 0
configure:4542: result: yes
configure:4542: checking for unistd.h
configure:4542: cc -c  -I/global/u2/m/malvarez/fftw-2.1.5//include -I/global/u2/m/malvarez/fftw-3.3.3//include -I/global/common/sw/cray/sles12/x86_64/gsl/2.3/intel/17.0.2/klzza7k/include -I/global/u2/m/malvarez/cfitsio//include -DENABLE_FITSIO   conftest.c >&5
configure:4542: $? = 0
configure:4542: result: yes
configure:4557: checking fcntl.h usability
configure:4557: cc -c  -I/global/u2/m/malvarez/fftw-2.1.5//include -I/global/u2/m/malvarez/fftw-3.3.3//include -I/global/common/sw/cray/sles12/x86_64/gsl/2.3/intel/17.0.2/klzza7k/include -I/global/u2/m/malvarez/cfitsio//include -DENABLE_FITSIO   conftest.c >&5
configure:4557: $? = 0
configure:4557: result: yes
configure:4557: checking fcntl.h presence
configure:4557: cc -E  conftest.c
configure:4557: $? = 0
configure:4557: result: yes
configure:4557: checking for fcntl.h
configure:4557: result: yes
configure:4557: checking mach/mach.h usability
configure:4557: cc -c  -I/global/u2/m/malvarez/fftw-2.1.5//include -I/global/u2/m/malvarez/fftw-3.3.3//include -I/global/common/sw/cray/sles12/x86_64/gsl/2.3/intel/17.0.2/klzza7k/include -I/global/u2/m/malvarez/cfitsio//include -DENABLE_FITSIO   conftest.c >&5
conftest.c(55): catastrophic error: cannot open source file "mach/mach.h"
  #include <mach/mach.h>
                        ^

compilation aborted for conftest.c (code 4)
configure:4557: $? = 4
configure: failed program was:
| /* confdefs.h */
| #define PACKAGE_NAME "ReionFast"
| #define PACKAGE_TARNAME "reionfast"
| #define PACKAGE_VERSION "1.0"
| #define PACKAGE_STRING "ReionFast 1.0"
| #define PACKAGE_BUGREPORT "malvarez@cita.utoronto.ca"
| #define PACKAGE_URL ""
| #define PACKAGE "Reionfast"
| #define VERSION "1.0"
| #define STDC_HEADERS 1
| #define HAVE_SYS_TYPES_H 1
| #define HAVE_SYS_STAT_H 1
| #define HAVE_STDLIB_H 1
| #define HAVE_STRING_H 1
| #define HAVE_MEMORY_H 1
| #define HAVE_STRINGS_H 1
| #define HAVE_INTTYPES_H 1
| #define HAVE_STDINT_H 1
| #define HAVE_UNISTD_H 1
| #define HAVE_FCNTL_H 1
| /* end confdefs.h.  */
| #include <stdio.h>
| #ifdef HAVE_SYS_TYPES_H
| # include <sys/types.h>
| #endif
| #ifdef HAVE_SYS_STAT_H
| # include <sys/stat.h>
| #endif
| #ifdef STDC_HEADERS
| # include <stdlib.h>
| # include <stddef.h>
| #else
| # ifdef HAVE_STDLIB_H
| #  include <stdlib.h>
| # endif
| #endif
| #ifdef HAVE_STRING_H
| # if !defined STDC_HEADERS && defined HAVE_MEMORY_H
| #  include <memory.h>
| # endif
| # include <string.h>
| #endif
| #ifdef HAVE_STRINGS_H
| # include <strings.h>
| #endif
| #ifdef HAVE_INTTYPES_H
| # include <inttypes.h>
| #endif
| #ifdef HAVE_STDINT_H
| # include <stdint.h>
| #endif
| #ifdef HAVE_UNISTD_H
| # include <unistd.h>
| #endif
| #include <mach/mach.h>
configure:4557: result: no
configure:4557: checking mach/mach.h presence
configure:4557: cc -E  conftest.c
conftest.c(22): error #2379: cannot open source file "mach/mach.h"
  #include <mach/mach.h>
                        ^

configure:4557: $? = 2
configure: failed program was:
| /* confdefs.h */
| #define PACKAGE_NAME "ReionFast"
| #define PACKAGE_TARNAME "reionfast"
| #define PACKAGE_VERSION "1.0"
| #define PACKAGE_STRING "ReionFast 1.0"
| #define PACKAGE_BUGREPORT "malvarez@cita.utoronto.ca"
| #define PACKAGE_URL ""
| #define PACKAGE "Reionfast"
| #define VERSION "1.0"
| #define STDC_HEADERS 1
| #define HAVE_SYS_TYPES_H 1
| #define HAVE_SYS_STAT_H 1
| #define HAVE_STDLIB_H 1
| #define HAVE_STRING_H 1
| #define HAVE_MEMORY_H 1
| #define HAVE_STRINGS_H 1
| #define HAVE_INTTYPES_H 1
| #define HAVE_STDINT_H 1
| #define HAVE_UNISTD_H 1
| #define HAVE_FCNTL_H 1
| /* end confdefs.h.  */
| #include <mach/mach.h>
configure:4557: result: no
configure:4557: checking for mach/mach.h
configure:4557: result: no
configure:4557: checking for stdlib.h
configure:4557: result: yes
configure:4557: checking for string.h
configure:4557: result: yes
configure:4557: checking for unistd.h
configure:4557: result: yes
configure:4569: checking for ptrdiff_t
configure:4569: cc -c  -I/global/u2/m/malvarez/fftw-2.1.5//include -I/global/u2/m/malvarez/fftw-3.3.3//include -I/global/common/sw/cray/sles12/x86_64/gsl/2.3/intel/17.0.2/klzza7k/include -I/global/u2/m/malvarez/cfitsio//include -DENABLE_FITSIO   conftest.c >&5
configure:4569: $? = 0
configure:4569: cc -c  -I/global/u2/m/malvarez/fftw-2.1.5//include -I/global/u2/m/malvarez/fftw-3.3.3//include -I/global/common/sw/cray/sles12/x86_64/gsl/2.3/intel/17.0.2/klzza7k/include -I/global/u2/m/malvarez/cfitsio//include -DENABLE_FITSIO   conftest.c >&5
conftest.c(61): error: expected an expression
  if (sizeof ((ptrdiff_t)))
                         ^

compilation aborted for conftest.c (code 2)
configure:4569: $? = 2
configure: failed program was:
| /* confdefs.h */
| #define PACKAGE_NAME "ReionFast"
| #define PACKAGE_TARNAME "reionfast"
| #define PACKAGE_VERSION "1.0"
| #define PACKAGE_STRING "ReionFast 1.0"
| #define PACKAGE_BUGREPORT "malvarez@cita.utoronto.ca"
| #define PACKAGE_URL ""
| #define PACKAGE "Reionfast"
| #define VERSION "1.0"
| #define STDC_HEADERS 1
| #define HAVE_SYS_TYPES_H 1
| #define HAVE_SYS_STAT_H 1
| #define HAVE_STDLIB_H 1
| #define HAVE_STRING_H 1
| #define HAVE_MEMORY_H 1
| #define HAVE_STRINGS_H 1
| #define HAVE_INTTYPES_H 1
| #define HAVE_STDINT_H 1
| #define HAVE_UNISTD_H 1
| #define HAVE_FCNTL_H 1
| #define HAVE_STDLIB_H 1
| #define HAVE_STRING_H 1
| #define HAVE_UNISTD_H 1
| /* end confdefs.h.  */
| #include <stdio.h>
| #ifdef HAVE_SYS_TYPES_H
| # include <sys/types.h>
| #endif
| #ifdef HAVE_SYS_STAT_H
| # include <sys/stat.h>
| #endif
| #ifdef STDC_HEADERS
| # include <stdlib.h>
| # include <stddef.h>
| #else
| # ifdef HAVE_STDLIB_H
| #  include <stdlib.h>
| # endif
| #endif
| #ifdef HAVE_STRING_H
| # if !defined STDC_HEADERS && defined HAVE_MEMORY_H
| #  include <memory.h>
| # endif
| # include <string.h>
| #endif
| #ifdef HAVE_STRINGS_H
| # include <strings.h>
| #endif
| #ifdef HAVE_INTTYPES_H
| # include <inttypes.h>
| #endif
| #ifdef HAVE_STDINT_H
| # include <stdint.h>
| #endif
| #ifdef HAVE_UNISTD_H
| # include <unistd.h>
| #endif
| int
| main ()
| {
| if (sizeof ((ptrdiff_t)))
| 	    return 0;
|   ;
|   return 0;
| }
configure:4569: result: yes
configure:4584: checking for pow
configure:4584: cc -o conftest  -I/global/u2/m/malvarez/fftw-2.1.5//include -I/global/u2/m/malvarez/fftw-3.3.3//include -I/global/common/sw/cray/sles12/x86_64/gsl/2.3/intel/17.0.2/klzza7k/include -I/global/u2/m/malvarez/cfitsio//include -DENABLE_FITSIO   -L/global/u2/m/malvarez/fftw-2.1.5//lib -L/global/u2/m/malvarez/fftw-3.3.3//lib -L/global/common/sw/cray/sles12/x86_64/gsl/2.3/intel/17.0.2/klzza7k/lib -L/global/u2/m/malvarez/cfitsio//lib conftest.c -lfftw3f_mpi -lfftw3f -lgsl -lgslcblas -lm -lsrfftw_mpi -lsfftw_mpi -lsrfftw -lsfftw -lcfitsio >&5
configure:4584: $? = 0
configure:4584: result: yes
configure:4584: checking for sqrt
configure:4584: cc -o conftest  -I/global/u2/m/malvarez/fftw-2.1.5//include -I/global/u2/m/malvarez/fftw-3.3.3//include -I/global/common/sw/cray/sles12/x86_64/gsl/2.3/intel/17.0.2/klzza7k/include -I/global/u2/m/malvarez/cfitsio//include -DENABLE_FITSIO   -L/global/u2/m/malvarez/fftw-2.1.5//lib -L/global/u2/m/malvarez/fftw-3.3.3//lib -L/global/common/sw/cray/sles12/x86_64/gsl/2.3/intel/17.0.2/klzza7k/lib -L/global/u2/m/malvarez/cfitsio//lib conftest.c -lfftw3f_mpi -lfftw3f -lgsl -lgslcblas -lm -lsrfftw_mpi -lsfftw_mpi -lsrfftw -lsfftw -lcfitsio >&5
configure:4584: $? = 0
configure:4584: result: yes
configure:4730: creating ./config.status

## ---------------- ##
## Cache variables. ##
## ---------------- ##

ac_cv_c_compiler_gnu=yes
ac_cv_cxx_compiler_gnu=yes
ac_cv_env_CCC_set=
ac_cv_env_CCC_value=
ac_cv_env_CC_set=set
ac_cv_env_CC_value=cc
ac_cv_env_CFLAGS_set=set
ac_cv_env_CFLAGS_value=' -I/global/u2/m/malvarez/fftw-2.1.5//include -I/global/u2/m/malvarez/fftw-3.3.3//include -I/global/common/sw/cray/sles12/x86_64/gsl/2.3/intel/17.0.2/klzza7k/include -I/global/u2/m/malvarez/cfitsio//include -DENABLE_FITSIO '
ac_cv_env_CPPFLAGS_set=
ac_cv_env_CPPFLAGS_value=
ac_cv_env_CPP_set=
ac_cv_env_CPP_value=
ac_cv_env_CXXFLAGS_set=set
ac_cv_env_CXXFLAGS_value=' -I/global/u2/m/malvarez/fftw-2.1.5//include -I/global/u2/m/malvarez/fftw-3.3.3//include -I/global/common/sw/cray/sles12/x86_64/gsl/2.3/intel/17.0.2/klzza7k/include -I/global/u2/m/malvarez/cfitsio//include -DENABLE_FITSIO '
ac_cv_env_CXX_set=set
ac_cv_env_CXX_value=CC
ac_cv_env_LDFLAGS_set=set
ac_cv_env_LDFLAGS_value='-L/global/u2/m/malvarez/fftw-2.1.5//lib -L/global/u2/m/malvarez/fftw-3.3.3//lib -L/global/common/sw/cray/sles12/x86_64/gsl/2.3/intel/17.0.2/klzza7k/lib -L/global/u2/m/malvarez/cfitsio//lib'
ac_cv_env_LIBS_set=set
ac_cv_env_LIBS_value='-lfftw3f_mpi -lfftw3f -lgsl -lgslcblas -lm -lsrfftw_mpi -lsfftw_mpi -lsrfftw -lsfftw -lcfitsio'
ac_cv_env_build_alias_set=
ac_cv_env_build_alias_value=
ac_cv_env_host_alias_set=
ac_cv_env_host_alias_value=
ac_cv_env_target_alias_set=
ac_cv_env_target_alias_value=
ac_cv_func_pow=yes
ac_cv_func_sqrt=yes
ac_cv_header_fcntl_h=yes
ac_cv_header_inttypes_h=yes
ac_cv_header_mach_mach_h=no
ac_cv_header_memory_h=yes
ac_cv_header_stdc=yes
ac_cv_header_stdint_h=yes
ac_cv_header_stdlib_h=yes
ac_cv_header_string_h=yes
ac_cv_header_strings_h=yes
ac_cv_header_sys_stat_h=yes
ac_cv_header_sys_types_h=yes
ac_cv_header_unistd_h=yes
ac_cv_objext=o
ac_cv_path_EGREP='/usr/bin/grep -E'
ac_cv_path_GREP=/usr/bin/grep
ac_cv_path_install='/usr/bin/install -c'
ac_cv_path_mkdir=/usr/bin/mkdir
ac_cv_prog_AWK=gawk
ac_cv_prog_CPP='cc -E'
ac_cv_prog_ac_ct_CC=cc
ac_cv_prog_cc_c89=
ac_cv_prog_cc_g=yes
ac_cv_prog_cxx_g=yes
ac_cv_prog_make_make_set=yes
ac_cv_type_ptrdiff_t=yes
am_cv_CC_dependencies_compiler_type=gcc3
am_cv_CXX_dependencies_compiler_type=gcc3

## ----------------- ##
## Output variables. ##
## ----------------- ##

ACLOCAL='${SHELL} /global/homes/m/malvarez/src/pr-calc/missing --run aclocal-1.11'
AMDEPBACKSLASH='\'
AMDEP_FALSE='#'
AMDEP_TRUE=''
AMTAR='${SHELL} /global/homes/m/malvarez/src/pr-calc/missing --run tar'
AUTOCONF='${SHELL} /global/homes/m/malvarez/src/pr-calc/missing --run autoconf'
AUTOHEADER='${SHELL} /global/homes/m/malvarez/src/pr-calc/missing --run autoheader'
AUTOMAKE='${SHELL} /global/homes/m/malvarez/src/pr-calc/missing --run automake-1.11'
AWK='gawk'
CC='cc'
CCDEPMODE='depmode=gcc3'
CFLAGS=' -I/global/u2/m/malvarez/fftw-2.1.5//include -I/global/u2/m/malvarez/fftw-3.3.3//include -I/global/common/sw/cray/sles12/x86_64/gsl/2.3/intel/17.0.2/klzza7k/include -I/global/u2/m/malvarez/cfitsio//include -DENABLE_FITSIO '
CPP='cc -E'
CPPFLAGS=''
CXX='CC'
CXXDEPMODE='depmode=gcc3'
CXXFLAGS=' -I/global/u2/m/malvarez/fftw-2.1.5//include -I/global/u2/m/malvarez/fftw-3.3.3//include -I/global/common/sw/cray/sles12/x86_64/gsl/2.3/intel/17.0.2/klzza7k/include -I/global/u2/m/malvarez/cfitsio//include -DENABLE_FITSIO '
CYGPATH_W='echo'
DEFS='-DHAVE_CONFIG_H'
DEPDIR='.deps'
ECHO_C=''
ECHO_N='-n'
ECHO_T=''
EGREP='/usr/bin/grep -E'
EXEEXT=''
GREP='/usr/bin/grep'
INSTALL_DATA='${INSTALL} -m 644'
INSTALL_PROGRAM='${INSTALL}'
INSTALL_SCRIPT='${INSTALL}'
INSTALL_STRIP_PROGRAM='$(install_sh) -c -s'
LDFLAGS='-L/global/u2/m/malvarez/fftw-2.1.5//lib -L/global/u2/m/malvarez/fftw-3.3.3//lib -L/global/common/sw/cray/sles12/x86_64/gsl/2.3/intel/17.0.2/klzza7k/lib -L/global/u2/m/malvarez/cfitsio//lib'
LIBOBJS=''
LIBS='-lfftw3f_mpi -lfftw3f -lgsl -lgslcblas -lm -lsrfftw_mpi -lsfftw_mpi -lsrfftw -lsfftw -lcfitsio'
LTLIBOBJS=''
MAKEINFO='${SHELL} /global/homes/m/malvarez/src/pr-calc/missing --run makeinfo'
MKDIR_P='/usr/bin/mkdir -p'
OBJEXT='o'
PACKAGE='Reionfast'
PACKAGE_BUGREPORT='malvarez@cita.utoronto.ca'
PACKAGE_NAME='ReionFast'
PACKAGE_STRING='ReionFast 1.0'
PACKAGE_TARNAME='reionfast'
PACKAGE_URL=''
PACKAGE_VERSION='1.0'
PATH_SEPARATOR=':'
SET_MAKE=''
SHELL='/bin/sh'
STRIP=''
VERSION='1.0'
ac_ct_CC='cc'
ac_ct_CXX=''
am__EXEEXT_FALSE=''
am__EXEEXT_TRUE='#'
am__fastdepCC_FALSE='#'
am__fastdepCC_TRUE=''
am__fastdepCXX_FALSE='#'
am__fastdepCXX_TRUE=''
am__include='include'
am__isrc=''
am__leading_dot='.'
am__quote=''
am__tar='${AMTAR} chof - "$$tardir"'
am__untar='${AMTAR} xf -'
bindir='${exec_prefix}/bin'
build_alias=''
datadir='${datarootdir}'
datarootdir='${prefix}/share'
docdir='${datarootdir}/doc/${PACKAGE_TARNAME}'
dvidir='${docdir}'
exec_prefix='${prefix}'
host_alias=''
htmldir='${docdir}'
includedir='${prefix}/include'
infodir='${datarootdir}/info'
install_sh='${SHELL} /global/homes/m/malvarez/src/pr-calc/install-sh'
libdir='${exec_prefix}/lib'
libexecdir='${exec_prefix}/libexec'
localedir='${datarootdir}/locale'
localstatedir='${prefix}/var'
mandir='${datarootdir}/man'
mkdir_p='/usr/bin/mkdir -p'
oldincludedir='/usr/include'
pdfdir='${docdir}'
prefix='/global/homes/m/malvarez'
program_transform_name='s,x,x,'
psdir='${docdir}'
sbindir='${exec_prefix}/sbin'
sharedstatedir='${prefix}/com'
sysconfdir='${prefix}/etc'
target_alias=''

## ----------- ##
## confdefs.h. ##
## ----------- ##

/* confdefs.h */
#define PACKAGE_NAME "ReionFast"
#define PACKAGE_TARNAME "reionfast"
#define PACKAGE_VERSION "1.0"
#define PACKAGE_STRING "ReionFast 1.0"
#define PACKAGE_BUGREPORT "malvarez@cita.utoronto.ca"
#define PACKAGE_URL ""
#define PACKAGE "Reionfast"
#define VERSION "1.0"
#define STDC_HEADERS 1
#define HAVE_SYS_TYPES_H 1
#define HAVE_SYS_STAT_H 1
#define HAVE_STDLIB_H 1
#define HAVE_STRING_H 1
#define HAVE_MEMORY_H 1
#define HAVE_STRINGS_H 1
#define HAVE_INTTYPES_H 1
#define HAVE_STDINT_H 1
#define HAVE_UNISTD_H 1
#define HAVE_FCNTL_H 1
#define HAVE_STDLIB_H 1
#define HAVE_STRING_H 1
#define HAVE_UNISTD_H 1
#define HAVE_PTRDIFF_T 1
#define HAVE_POW 1
#define HAVE_SQRT 1

configure: exit 0

## ---------------------- ##
## Running config.status. ##
## ---------------------- ##

This file was extended by ReionFast config.status 1.0, which was
generated by GNU Autoconf 2.69.  Invocation command line was

  CONFIG_FILES    = 
  CONFIG_HEADERS  = 
  CONFIG_LINKS    = 
  CONFIG_COMMANDS = 
  $ ./config.status 

on edison12

config.status:865: creating Makefile
config.status:865: creating src/Makefile
config.status:865: creating scripts/Makefile
config.status:865: creating config.h
config.status:1046: config.h is unchanged
config.status:1094: executing depfiles commands

## ---------------------- ##
## Running config.status. ##
## ---------------------- ##

This file was extended by ReionFast config.status 1.0, which was
generated by GNU Autoconf 2.69.  Invocation command line was

  CONFIG_FILES    = 
  CONFIG_HEADERS  = 
  CONFIG_LINKS    = 
  CONFIG_COMMANDS = 
  $ ./config.status config.h

on edison12

config.status:865: creating config.h
